0 info it worked if it ends with ok
1 verbose cli [ 'node',
1 verbose cli   '/usr/local/bin/npm',
1 verbose cli   'install',
1 verbose cli   '--save-dev',
1 verbose cli   'gulp-inyect' ]
2 info using npm@1.4.28
3 info using node@v0.10.35
4 verbose readDependencies using package.json deps
5 verbose cache add [ 'gulp-inyect', null ]
6 verbose cache add name=undefined spec="gulp-inyect" args=["gulp-inyect",null]
7 verbose parsed url { protocol: null,
7 verbose parsed url   slashes: null,
7 verbose parsed url   auth: null,
7 verbose parsed url   host: null,
7 verbose parsed url   port: null,
7 verbose parsed url   hostname: null,
7 verbose parsed url   hash: null,
7 verbose parsed url   search: null,
7 verbose parsed url   query: null,
7 verbose parsed url   pathname: 'gulp-inyect',
7 verbose parsed url   path: 'gulp-inyect',
7 verbose parsed url   href: 'gulp-inyect' }
8 silly lockFile c9d7075b-gulp-inyect gulp-inyect
9 verbose lock gulp-inyect /Users/cesar/.npm/c9d7075b-gulp-inyect.lock
10 silly lockFile c9d7075b-gulp-inyect gulp-inyect
11 silly lockFile c9d7075b-gulp-inyect gulp-inyect
12 verbose addNamed [ 'gulp-inyect', '' ]
13 verbose addNamed [ null, '*' ]
14 silly lockFile bc3eca24-gulp-inyect gulp-inyect@
15 verbose lock gulp-inyect@ /Users/cesar/.npm/bc3eca24-gulp-inyect.lock
16 silly addNameRange { name: 'gulp-inyect', range: '*', hasData: false }
17 verbose request where is /gulp-inyect
18 verbose request registry https://registry.npmjs.org/
19 verbose request id e32ffb78455c0cba
20 verbose url raw /gulp-inyect
21 verbose url resolving [ 'https://registry.npmjs.org/', './gulp-inyect' ]
22 verbose url resolved https://registry.npmjs.org/gulp-inyect
23 verbose request where is https://registry.npmjs.org/gulp-inyect
24 info trying registry request attempt 1 at 17:51:46
25 http GET https://registry.npmjs.org/gulp-inyect
26 http 404 https://registry.npmjs.org/gulp-inyect
27 verbose headers { date: 'Wed, 28 Jan 2015 23:51:47 GMT',
27 verbose headers   server: 'CouchDB/1.5.0 (Erlang OTP/R16B03)',
27 verbose headers   'content-type': 'application/json',
27 verbose headers   'cache-control': 'max-age=0',
27 verbose headers   'content-length': '52',
27 verbose headers   'accept-ranges': 'bytes',
27 verbose headers   via: '1.1 varnish',
27 verbose headers   age: '0',
27 verbose headers   'x-served-by': 'cache-sjc3122-SJC',
27 verbose headers   'x-cache': 'MISS',
27 verbose headers   'x-cache-hits': '0',
27 verbose headers   'x-timer': 'S1422489107.399195,VS0,VE88',
27 verbose headers   'keep-alive': 'timeout=10, max=50',
27 verbose headers   connection: 'Keep-Alive' }
28 silly registry.get cb [ 404,
28 silly registry.get   { date: 'Wed, 28 Jan 2015 23:51:47 GMT',
28 silly registry.get     server: 'CouchDB/1.5.0 (Erlang OTP/R16B03)',
28 silly registry.get     'content-type': 'application/json',
28 silly registry.get     'cache-control': 'max-age=0',
28 silly registry.get     'content-length': '52',
28 silly registry.get     'accept-ranges': 'bytes',
28 silly registry.get     via: '1.1 varnish',
28 silly registry.get     age: '0',
28 silly registry.get     'x-served-by': 'cache-sjc3122-SJC',
28 silly registry.get     'x-cache': 'MISS',
28 silly registry.get     'x-cache-hits': '0',
28 silly registry.get     'x-timer': 'S1422489107.399195,VS0,VE88',
28 silly registry.get     'keep-alive': 'timeout=10, max=50',
28 silly registry.get     connection: 'Keep-Alive' } ]
29 silly lockFile bc3eca24-gulp-inyect gulp-inyect@
30 silly lockFile bc3eca24-gulp-inyect gulp-inyect@
31 error 404 404 Not Found: gulp-inyect
31 error 404
31 error 404 'gulp-inyect' is not in the npm registry.
31 error 404 You should bug the author to publish it
31 error 404 It was specified as a dependency of 'cefic'
31 error 404
31 error 404 Note that you can also install from a
31 error 404 tarball, folder, or http url, or git url.
32 error System Darwin 14.1.0
33 error command "node" "/usr/local/bin/npm" "install" "--save-dev" "gulp-inyect"
34 error cwd /Users/cesar/GitHub/practica/cefic/sitio_sefic
35 error node -v v0.10.35
36 error npm -v 1.4.28
37 error code E404
38 verbose exit [ 1, true ]
